\BOOKMARK [1][-]{section.1}{Introduction}{}
\BOOKMARK [1][-]{section.2}{Installation}{}
\BOOKMARK [2][-]{subsection.2.1}{Windows}{section.2}
\BOOKMARK [2][-]{subsection.2.2}{Linux/Unix}{section.2}
\BOOKMARK [1][-]{section.3}{Examples}{}
\BOOKMARK [2][-]{subsection.3.1}{Counterfactuals about U.N. Peacekeeping}{section.3}
\BOOKMARK [2][-]{subsection.3.2}{Identifying Common Support in Causal Inference}{section.3}
\BOOKMARK [3][-]{subsubsection.3.2.1}{U.N. Peacekeeping}{subsection.3.2}
\BOOKMARK [3][-]{subsubsection.3.2.2}{Hypothetical Data}{subsection.3.2}
\BOOKMARK [2][-]{subsection.3.3}{Using WhatIf with Zelig}{section.3}
\BOOKMARK [2][-]{subsection.3.4}{Using WhatIf with Other R Model Output Objects}{section.3}
\BOOKMARK [2][-]{subsection.3.5}{Demos and Data Sets}{section.3}
\BOOKMARK [1][-]{section.4}{Technical Details}{}
\BOOKMARK [1][-]{section.5}{R Function Reference}{}
\BOOKMARK [2][-]{subsection.5.1}{Function whatif\(\)}{section.5}
\BOOKMARK [3][-]{subsubsection.5.1.1}{Usage}{subsection.5.1}
\BOOKMARK [3][-]{subsubsection.5.1.2}{Inputs}{subsection.5.1}
\BOOKMARK [3][-]{subsubsection.5.1.3}{Value}{subsection.5.1}
\BOOKMARK [2][-]{subsection.5.2}{Function plot.whatif\(\)}{section.5}
\BOOKMARK [3][-]{subsubsection.5.2.1}{Usage}{subsection.5.2}
\BOOKMARK [3][-]{subsubsection.5.2.2}{Inputs}{subsection.5.2}
\BOOKMARK [3][-]{subsubsection.5.2.3}{Value}{subsection.5.2}
\BOOKMARK [2][-]{subsection.5.3}{Function print.whatif\(\)}{section.5}
\BOOKMARK [3][-]{subsubsection.5.3.1}{Usage}{subsection.5.3}
\BOOKMARK [3][-]{subsubsection.5.3.2}{Inputs}{subsection.5.3}
\BOOKMARK [3][-]{subsubsection.5.3.3}{Value}{subsection.5.3}
\BOOKMARK [2][-]{subsection.5.4}{Function print.summary.whatif\(\)}{section.5}
\BOOKMARK [3][-]{subsubsection.5.4.1}{Usage}{subsection.5.4}
\BOOKMARK [3][-]{subsubsection.5.4.2}{Inputs}{subsection.5.4}
\BOOKMARK [3][-]{subsubsection.5.4.3}{Value}{subsection.5.4}
\BOOKMARK [2][-]{subsection.5.5}{Function summary.whatif\(\)}{section.5}
\BOOKMARK [3][-]{subsubsection.5.5.1}{Usage}{subsection.5.5}
\BOOKMARK [3][-]{subsubsection.5.5.2}{Inputs}{subsection.5.5}
\BOOKMARK [3][-]{subsubsection.5.5.3}{Value}{subsection.5.5}
